[   000000] Initializing cgroup subsys cpuset
[  0.000000Initializing cgroup subsys cpu
[    0.000000] Initializing cgrop sbsys cpuacct
    00000] Linuxversio 4.4.0-142-generic (buildd@lgw01-amd64-033) (gcc veron 5.4.0 20160609 (Ubuntu 5.4.0-6ubuntu1~16.04.10) ) #168-Ubuntu SMP Wed Jan 16 21:00:45 UTC 2019 (Ubuntu 4.4.0-142.168-generic 4.4.167)
[    0.000000] Command line: BOOT_IMAGE=/boot/vmlinuz-4.4.0-142-generic root=LABEL=cloudimg-rootfs ro console=tty1 console=ttyS0
[    0.00000 KERNEL supported cpus:
[  0.00000]  Int GenuineIntel
[    0.00000]  MD AuthenticAMD
[   .000000]  Cetaur CentaurHauls
[    0.000000] x86/fpu: xstate_offset[2]:  576, xate_sze[2]:  256
[    0.000000] x86/fpu: Supporting XSAVE featu 0x01 '87 flatng pot regstrs'
[    0.000000] x86/fp Supporti XSAVE feature 0x02: 'SSE registers'
[    0.000000] x86/fpu: Supporting XSAVE feature 0x04: 'AVX registers'
[    0.000000] x86/fpu: Enabled xstate features 0x7, context size is 832 bytes, using 'standard' format.
[    0.000000] e820: BIOS-provided physical RAM map:
[    0.000000] BIOS-e820: [mem 0x0000000000000000-0x000000000009fbff] usable
[    0.000000] BIOS-e820: [mem 0x000000000009fc00-0x000000000009ffff] reserved
[    0.000000] BIOS-e820: [mem 0x00000000000f0000-0x00000000000fffff] reseed
[    0.000000] BIOS-e820: [mem 0x0000000000100000-0x000000003ffeffff] usable
[    0.000000] BIOS-e820: [mem 0x000000003fff0000-0x000000003fffffff] ACPI data
[    0.000000] BIOS-e820: [mem 0x00000000fec00000-0x00000000fec00fff] reserved
[    0.000000] BIOS-e820: [mem 0x00000000fee00000-0x00000000fee00fff] reserved
[    0.000000] BIOS-e820: [mem 0x00000000fffc0000-0x00000000ffffffff] reserved
[    0.000000] NX (Execute Disable) protection: active
[    0.000000] SMBIOS 2.5 present.
[    0.000000] Hypervisor detected: KVM
[    0.000000] e820: last_pfn = 0x3fff0 max_arch_pfn = 0x400000000
[    0.000000] MTRR: Disabled
[    0.000000] x86/PAT: MTRRs disabled, skipping PAT initialization too.
[  0.00000] CPU MTRRs all blank - virtualized system.
[    0.000000] x86/PAT: Configuration [0-7]: WB  WT  UC- UC  WB  WT  UC- UC  
[    0.000000] found SMP MP-table at [mem 0x0009fff0-0x0009ffff] mapped at [ffff88000009fff0]
[    0.000000] Scanning 1 areas for low memory corruption
[    0.000000] RAMDISK: [mem 0x36308000-0x3717bfff]
[    0.000000] ACPI: Early table checksum verification disabled
[    0.000000] ACPI: RSDP 0x00000000000E0000 000024 (v02 VBOX  )
[    0.000000] ACPI: XSDT 0x000000003FFF0030 00003C (v01 VBOX   VBOXXSDT 00000001 ASL  00000061)
[    0.000000] ACPI: FACP 0x000000FF00F0 00004 (v04 VBOX   VBOXFACP 00000001 ASL  00000061)
[    .000000 ACPI: DS 0x0000003FF0470 0021F(v02 VBOX   VBOXBIOS 00000002 IL 201028)
[    0.000000] ACPI: FACS 0x000000003FFF0200 000040
[    0.000000] ACPI: FACS 0x000000003FFF0200 000040
[     0.000000] ACPI: APIC 0x000000003FFF0240 00005C (v02 VBOX   VBOXAPIC 00000001 ASL  00000061)
[    0.000000] ACPI: SSDT 0x000000003FFF02A0 0001CC (v01 VBOX   VBOXCPUT 00000002 INTL 20100528)
[    0.000000] No NUMA configuration found
[    0.000000] Faking a node at [mem 0x0000000000000000-0x000000003ffeffff]
[    0.000000] NODE_DATA(0) allocated [mem 0x3ffeb000-0x3ffeffff]
[    0.000000] kvm-clock: Using msrs 4b564d01 and 4b564d00
[    0.000000] kvm-clock: cpu 0, msr 0:3ffe3001, primary cpu clock
[    0.000000] kvm-clock: using sched offset of 6364810066 cycles
[    0.000000] cloksource: kvm-clock: mask: 0xffffffffffffffff max_cycles: 0x1cd42e4dffb, max_idle_ns: 881590591483 ns
[    0.000000] Zone ranges:
[    0.000000]   DMA      [mem 0x0000000000001000-0x0000000000ffffff]
[  0.00000]   MA32    [mem 0x0000000001000000-0x000000003ffeffff]
[    0.000000]   Normal  empty
[    0.0000]   Device   emptyy
[    0.000000] Movable zone start for each node
[    0.000000] Early memory node ranges
[    0.000000]   node   0: [mem 0x0000000000001000-0x000000000009efff]
[    0.000000]   node   0: [mem 0x0000000000100000-0x000000003ffeffff]
[    0.000000] Initmem setup node 0 [mem 0x00000000001000-0x000000003ffeffff]
[    0.000000] ACPI: PM-Timer IO Port: 0x4008
[    0.000000] IOAPIC[0]: apic_id 2, version 32, address 0xfec00000, GSI 0-23
[    0.000000] ACPI: INT_SRC_OVR (bus 0 bus_irq 0 global_irq 2 dfl dfl)
[    0.000000] ACPI: INT_SRC_OVR (bus 0 bus_irq 9 global_irq 9 low level)
[    0.000000] Using ACPI (MADT) for SMP configuration information
[    0.000000] smpboot: Allowing 2 CPUs, 0 hotplug CPUs
[    0.000000] PM: Registered nosave memory: [mem 0x00000000-0x00000fff]
[    0.000000] PM: Registered nosave memory: [mem 0x0009f000-0x0009ffff]
[    0.000000] PM: Registered nosave memory: [mem 0x000a0000-0x000effff]
[    0.000000] PM: Registered nosave memory: [memm 0x000f0000-0x000fffff]
   0.0000]e80: me 0x40000000-0xfebfffff] available for PCI devices
[  0.00000] Booting paravirtualized kernel on KVM
[    0.000000 clksource: refined-jiffies: mask: 0xffffffff max_cycles: 0xffffffff, max_idle_ns: 7645519600211568 ns
[    0.000000] setup_percpu: NR_CPUS:512 nr_cpumask_biits:512 nr_cpu_ids:2 nr_node_ids:1
[    0.000000] PERCPU: Embedded 34 pages/cpu @ffff88003fc00000 s99480 r8192 d31592 u1048576
[  0.000000] Built 1 zonelists  Noderder,mobilitygroping on.  Total pages: 27912
[    0.000000 Plicy zne: DMA32
[    .000000]ernelcomand lie: BOO_IMAGE=/boot/vmlinuz-4.4.0-142-generic root=LABEL=cloudimg-rtfs ro console=tty1 console=ttyS0
[    0.000000] PID hash table entries: 4096 (order: 3, 32768 bytes)
[    0.000000] Memory: 997732K/1048120K available (8603K kernel code, 1332K rwdata, 4004K rodata, 1484K init, 1316K bss, 50388K reserved, 0K cma-reserved)
[    0.000000] SLUB: HWalign=64, Order=0-3, MinObjects=0, CPUs=2, Nodes=1
[    0.000000] Kernel/User page tables isolation: enabled
[    0.000000] Hierarchical RCU implementation.
[    0.000000] 	Build-time adjustment of leaf fanout to 64.
[    0.000000] 	RCU restricting CPUs from NR_CPUS=512 to nr_cpu_ids=2.
[    0.000000] RCU: Adjusting geometry for rcu_fanout_leaf=64, nr_cpu_ids=2
[    0.000000] NR_IRQS:33024 nr_irqs:440 16
[    0.000000] Console: colour VGA+ 80x25
[    0.000000] console [tty1] enabled
[    0.000000] console [ttyS0] enabled
[    0.000000] tsc: Detected 2904.002 MHz processor
[   3.957802] Calibrating delay loop (skipped) preset value.. 5808.00 BogoMIPS (lpj=11616008)
[    3.982935] pid_max: default: 32768 minimum: 301
[    3.998918] ACPI: Core revision 20150930
[    4.001984] ACPI: 2 ACPI AML tables successfully acquired and loaded
[    4.004507] Security Framework initialized
[    4.006040] Yama: becoming mindful.
[    4.007579] AppArmor: AppArmor initialized
[    4.009546] Dentry cache hash table entries: 131072 (order: 8, 1048576 bytes)
[    4.016991] Inode-cache hash table entries: 65536 (order: 7, 524288 bytes)
[    4.020220] Mount-cache hash table entries: 2048 (order: 2, 16384 bytes)
[    4.025882] Mountpoint-cache hash table entries: 2048 (order: 2, 16384 bytes)
[    4.086550] Initializing cgroup subsys io
[    4.149443] Initializing cgroup subsys memory
[    4.182096] Initializing cgroup subsys devices
[    4.233532] Initializing cgroup subsys freezer
[    4.261505] Initializing cgroup subsys net_cls
[    4.283561] Initializing cgroup subsys perf_event
[    4.344992] Initializing cgroup subsys net_prio
[    4.409964] Initializing cgroup subsys hugetlb
[    4.461003] Initializing cgroup subsys pids
[    4.464810] mce: CPU supports 0 MCE banks
[    4.496914] Last level iTLB entries: 4KB 64, 2MB 8, 4MB 8
[    4.498793] Last level dTLB entries: 4KB 64, 2MB 0, 4MB 0, 1GB 4
[    4.501530] Spectre V2 : Mitigation: Full generic retpoline
[    4.503503] Spectre V2 : Spectre v2 / SpectreRSB mitigation: Filling RSB on context switch
[    4.516682] Speculative Store Bypass: Vulnerable
[    4.525677] Freeing SMP alternatives memory: 32K
[    4.592315] ftrace: allocating 32277 entries in 127 pages
[    4.718599] smpboot: APIC(0) Converting physical 0 to logical package 0
[    4.816226] smpboot: Max logical packages: 1
[    4.856002] x2apic enabled
[    4.875327] Switched APIC routing to physical x2apic.
[    4.885553] ..TIMER: vector=0x30 apic1=0 pin1=2 apic2=-1 pin2=-1
[    5.081022] smpboot: CPU0: Intel(R) Core(TM) i7-7500U CPU @ 2.70GHz (family: 0x6, model: 0x8e, stepping: 0x9)
[    5.085315] Performance Events: unsupported p6 CPU model 142 no PMU driver, software events only.
[    5.103326] KVM setup paravirtual spinlock
[    5.113643] x86: Booting SMP configuration:
[    5.115348] .... node  #0, CPUs:      #1
[    5.117112] kvm-clock: cpu 1, msr 0:3ffe3041, secondary cpu clock
[    5.119982] mce: CPU supports 0 MCE banks
[    5.122817] x86: Booted up 1 node, 2 CPUs
[    5.131131] smpboot: Total of 2 processors activated (11616.00 BogoMIPS)
[    5.149483] devtmpfs: initialized
[    5.168580] evm: security.selinux
[    5.211083] evm: security.SMACK64
[    5.212353] evm: security.SMACK64EXEC
[    5.262097] evm: security.SMACK64TRANSMUTE
[    5.302229] evm: security.SMACK64MMAP
[    5.335141] evm: security.ima
[    5.363757] evm: security.capability
[    5.386659] clocksource: jiffies: mask: 0xffffffff max_cycles: 0xffffffff, max_idle_ns: 7645041785100000 ns
[    5.448121] futex hash table entries: 512 (order: 3, 32768 bytes)
[    5.493972] pinctrl core: initialized pinctrl subsystem
[    5.503062] RTC time: 17:25:14, date: 03/01/19
[    5.505569] NET: Registered protocol family 16
[    5.519196] cpuidle: using governor ladder
[    5.574775] cpuidle: using governor menu
[    5.577186] PCCT header not found.
[    5.581700] ACPI: bus type PCI registered
[    5.587171] acpiphp: ACPI Hot Plug PCI Controller Driver version: 0.5
[    5.594356] PCI: Using configuration type 1 for base access
[    5.619815] ACPI: Added _OSI(Module Device)
[    5.624123] ACPI: Added _OSI(Processor Device)
[    5.636203] ACPI: Added _OSI(3.0 _SCP Extensions)
[    5.640180] ACPI: Added _OSI(Processor Aggregator Device)
[    5.645562] ACPI: Executed 1 blocks of module-level executable AML code
[    5.665849] ACPI: Interpreter enabled
[    5.678557] ACPI: (supports S0 S5)
[    5.680623] ACPI: Using IOAPIC for interrupt routing
[    5.683383] PCI: Using host bridge windows from ACPI; if necessary, use "pci=nocrs" and report a bug
[    5.697712] ACPI: PCI Root Bridge [PCI0] (domain 0000 [bus 00-ff])
[    5.707285] acpi PNP0A03:00: _OSC: OS supports [ASPM ClockPM Segments MSI]
[    5.711758] acpi PNP0A03:00: _OSC: not requesting OS control; OS requires [ExtendedConfig ASPM ClockPM MSI]
[    5.725743] acpi PNP0A03:00: fail to add MMCONFIG information, can't access extended PCI configuration space under this bridge.
[    5.754486] PCI host bridge to bus 0000:00
[    5.772003] pci_bus 0000:00: root bus resource [io  0x0000-0x0cf7 window]
[    5.842071] pci_bus 0000:00: root bus resource [io  0x0d00-0xffff window]
[    5.871302] pci_bus 0000:00: root bus resource [mem 0x000a0000-0x000bffff window]
[    5.881956] pci_bus 0000:00: root bus resource [mem 0x40000000-0xfdffffff window]
[    5.885536] pci_bus 0000:00: root bus resource [bus 00-ff]
[    5.890140] pci 0000:00:01.1: legacy IDE quirk: reg 0x10: [io  0x01f0-0x01f7]
[    5.965498] pci 0000:00:01.1: legacy IDE quirk: reg 0x14: [io  0x03f6]
[    6.046878] pci 0000:00:01.1: legacy IDE quirk: reg 0x18: [io  0x0170-0x0177]
[    6.144128] pci 0000:00:01.1: legacy IDE quirk: reg 0x1c: [io  0x0376]
[    6.179152] pci 0000:00:07.0: quirk: [io  0x4000-0x403f] claimed by PIIX4 ACPI
[    6.182267] pci 0000:00:07.0: quirk: [io  0x4100-0x410f] claimed by PIIX4 SMB
[    6.220335] ACPI: PCI Interrupt Link [LNKA] (IRQs 5 9 10 *11)
[    6.223252] ACPI: PCI Interrupt Link [LNKB] (IRQs 5 9 *10 11)
[    6.225996] ACPI: PCI Interrupt Link [LNKC] (IRQs 5 *9 10 11)
[    6.228626] ACPI: PCI Interrupt Link [LNKD] (IRQs 5 9 10 *11)
[    6.231205] ACPI: Enabled 2 GPEs in block 00 to 07
[    6.233526] vgaarb: setting as boot device: PCI:0000:00:02.0
[    6.241681] vgaarb: device added: PCI:0000:00:02.0,decodes=io+mem,owns=io+mem,locks=none
[    6.260452] vgaarb: loaded
[    6.268963] vgaarb: bridge control possible 0000:00:02.0
[    6.277768] SCSI subsystem initialized
[    6.285662] ACPI: bus type USB registered
[    6.286895] usbcore: registered new interface driver usbfs
[    6.300619] usbcore: registered new interface driver hub
[    6.309099] usbcore: registered new device driver usb
[    6.323499] PCI: Using ACPI for IRQ routing
[    6.326042] NetLabel: Initializing
[    6.340512] NetLabel:  domain hash size = 128
[    6.343725] NetLabel:  protocols = UNLABELED CIPSOv4
[    6.346869] NetLabel:  unlabeled traffic allowed by default
[    6.351092] amd_nb: Cannot enumerate AMD northbridges
[    6.360042] clocksource: Switched to clocksource kvm-clock
[    6.394377] AppArmor: AppArmor Filesystem Enabled
[    6.397177] pnp: PnP ACPI init
[    6.466] np: PnP ACPI: fod 3 devices
[    6.623680] clocksource: acpi_pm: mask: 0xffffff max_cycles: 0xffffff, max_idle_ns: 2085701024 ns
[   64505] NET: Registered protocol fmiy 

[    6.901655] TCP established hashable entries: 8192 (order4, 653byes

[    7.245479] TCP bind hash table entries: 8192 (order: 5, 131072 bytes)
[  7.250616] TCP: Hash tables configured (established 8192 bind 8192)
[    7.317912] UDP hash table entries: 512 (order: 2, 16384 bytes)
[    7.320268] UDP-Li hh tlentries 512 (oer2, 16384 bytes)
[  7.756965] NET: Registered protocol family 1
[  72845] pci 0000:00:00.0: Limitin decPCPCtransfers
[    8.319042] pci 0000:00:01.0: Activating ISA DMA hang workarounds
[    8.320733] Unpacking initramfs...

[    8.693633] Freeing initrd memory: 14800K
[    8.714111] platform rtc_cmos: registered platform RTC device (no PNP device found)
[    8.736498] Scanning for low memory corruption every 60 seconds
[    8.738448] audit: initializing netlink subsys (disabled)
[    8.739886] audit: type=2000 audit(1551461119.958:1): initialized
[    8.741824] Initialise system trusted keyring
[    8.743670] HugeTLB registered 2 MB page size, pre-allocated 0 pages
[    8.747471] zbud: loaded
[    8.763287] VFS: Disk quotas dquot_6.6.0
[    8.771360] VFS: Dquot-cache hash table entries: 512 (order 0, 4096 bytes)
[    8.795134] squashfs: version 4.0 (2009/01/31) Phillip Lougher
[    8.805494] fuse init (API version 7.23)
[    8.807178] Key type big_key registered
[    8.809763] Allocating IMA MOK and blacklist keyrings.
[    8.814452] Key type asymmetric registered
[    8.856739] Asymmetric key parser 'x509' registered
[    8.858175] Block layer SCSI generic (bsg) driver version 0.4 loaded (major 249)
[    8.860346] io scheduler noop registered
[    8.861488] io scheduler deadline registered (default)
[    8.863456] io scheduler cfq registered
[    8.878884] pci_hotplug: PCI Hot Plug PCI Core version: 0.5
[    8.880792] pciehp: PCI Express Hot Plug Controller Driver version: 0.4
[    8.882875] ACPI: AC Adapter [AC] (off-line)
[    8.884460] input: Power Button as /devices/LNXSYSTM:00/LNXPWRBN:00/input/input0
[    8.886978] ACPI: Power Button [PWRF]
[    8.889767] input: Sleep Button as /devices/LNXSYSTM:00/LNXSLPBN:00/input/input1
[    8.924559] ACPI: Sleep Button [SLPF]
[    8.926693] GHES: HEST is not enabled!
[    8.945900] ACPI: Battery Slot [BAT0] (battery present)
[    8.977839] Serial: 8250/16550 driver, 32 ports, IRQ sharing enabled
[    9.049570] 00:02: ttyS0 at I/O 0x3f8 (irq = 4, base_baud = 115200) is a 16550A
[    9.076003] Linux agpgart interface v0.103
[    9.109355] loop: module loaded
[    9.118736] scsi host0: ata_piix
[    9.130267] scsi host1: ata_piix
[    9.160306] ata1: PATA max UDMA/33 cmd 0x1f0 ctl 0x3f6 bmdma 0xd000 irq 14
[    9.183315] ata2: PATA max UDMA/33 cmd 0x170 ctl 0x376 bmdma 0xd008 irq 15
[    9.212186] libphy: Fixed MDIO Bus: probed
[    9.252754] tun: Universal TUN/TAP device driver, 1.6
[    9.282667] tun: (C) 1999-2004 Max Krasnyansky <maxk@qualcomm.com>
[    9.284275] PPP generic driver version 2.4.2
[    9.285559] ehci_hcd: USB 2.0 'Enhanced' Host Controller (EHCI) Driver
[    9.345004] ehci-pci: EHCI PCI platform driver
[    9.377080] ehci-platform: EHCI generic platform driver
[    9.385589] ohci_hcd: USB 1.1 'Open' Host Controller (OHCI) Driver
[    9.402127] ohci-pci: OHCI PCI platform driver
[    9.441920] ohci-platform: OHCI generic platform driver
[    9.456599] uhci_hcd: USB Universal Host Controller Interface driver
[    9.458903] i8042: PNP: PS/2 Controller [PNP0303:PS2K,PNP0f03:PS2M] at 0x60,0x64 irq 1,12
[    9.462980] serio: i8042 KBD port at 0x60,0x64 irq 1
[    9.464953] serio: i8042 AUX port at 0x60,0x64 irq 12
[    9.466738] mousedev: PS/2 mouse device common for all mice
[    9.469566] input: AT Translated Set 2 keyboard as /devices/platform/i8042/serio0/input/input2
[    9.472863] rtc_cmos rtc_cmos: rtc core: registered rtc_cmos as rtc0
[    9.474891] rtc_cmos rtc_cmos: alarms up to one day, 114 bytes nvram
[    9.477828] i2c /dev entries driv
[    9.553037] device-mapper: uevent: version 1.0.3

[    9.554957] device-mapper: ioctl: 4.34.0-ioctl (2015-10-28) initialised: dm-devel@redhat.com
[    9.557887] ledtrig-cpu: registered to indicate activity on CPUs
[    9.560762] NET: Registered protocol family 10
[    9.565622] NET: Registered protocol family 17
[    9.567508] Key type dns_resolver registered
[    9.569783] registered taskstats version 1
[    9.571375] Loading compiled-in X.509 certificates
[    9.574150] Loaded X.509 cert 'Build time autogenerated kernel key: bff73e56bc0efa7435b2a24f5427674623f1be80'
[    9.578134] zswap: loaded using pool lzo/zbud
[    9.583563] Key type trusted registered
[    9.600026] Key type encrypted registered
[    9.603131] AppArmor: AppArmor sha1 policy hashing enabled
[    9.606398] ima: No TPM chip found, activating TPM-bypass!
[    9.608521] ima: Allocated hash algorithm: sha1
[    9.610236] evm: HMAC attrs: 0x1
[    9.612203]   Magic number: 11:233:440
[    9.613809] clockevents broadcast: hash matches
[    9.615508] rtc_cmos rtc_cmos: setting system clock to 2019-03-01 17:25:18 UTC (1551461118)
[    9.618799] BIOS EDD facility v0.16 2004-Jun-25, 0 devices found
[    9.620851] EDD information not available.
[    9.624446] Freeing unused kernel memory: 1484K
[    9.636359] Write protecting the kernel read-only data: 14336k
[    9.641844] Freeing unused kernel memory: 1624K
[    9.643952] Freeing unused kernel memory: 92K
Loading, please wait...
starting version 229
[    9.664704] random: systemd-udevd: uninitialized urandom read (16 bytes read, 5 bits of entropy available)
[    9.665984] random: udevadm: uninitialized urandom read (16 bytes read, 5 bits of entropy available)
[    9.666013] random: udevadm: uninitialized urandom read (16 bytes read, 5 bits of entropy available)
[    9.679069] random: udevadm: uninitialized urandom read (16 bytes read, 5 bits of entropy available)
[    9.679136] random: udevadm: uninitialized urandom read (16 bytes read, 5 bits of entropy available)
[    9.679397] random: udevadm: uninitialized urandom read (16 bytes read, 5 bits of entropy available)
[    9.679473] random: udevadm: uninitialized urandom read (16 bytes read, 5 bits of entropy available)
[    9.679555] random: udevadm: uninitialized urandom read (16 bytes read, 5 bits of entropy available)
[    9.679629] random: udevadm: uninitialized urandom read (16 bytes read, 5 bits of entropy available)
[    9.679697] random: udevadm: uninitialized urandom read (16 bytes read, 5 bits of entropy available)
[    9.740127] tsc: Refined TSC clocksource calibration: 2903.300 MHz
[    9.742078] clocksource: tsc: mask: 0xffffffffffffffff max_cycles: 0x29d970b25cf, max_idle_ns: 440795327213 ns
[    9.797434] Fusion MPT base driver 3.04.20
[    9.800230] Copyright (c) 1999-2008 LSI Corporation
[    9.813876] e1000: Intel(R) PRO/1000 Network Driver - version 7.3.21-k8-NAPI
[    9.817372] e1000: Copyright (c) 1999-2006 Intel Corporation.
[    9.849002] Fusion MPT SPI Host driver 3.04.20
[    9.883900] AVX2 version of gcm_enc/dec engaged.
[    9.885654] AES CTR mode by8 optimization enabled
[   10.035232] input: ImExPS/2 Generic Explorer Mouse as /devices/platform/i8042/serio1/input/input4
[   10.283433] e1000 0000:00:03.0 eth0: (PCI:33MHz:32-bit) 02:3e:59:1c:26:9a
[   10.373692] e1000 0000:00:03.0 eth0: Intel(R) PRO/1000 Network Connection
[   10.861178] e1000 0000:00:08.0 eth1: (PCI:33MHz:32-bit) 08:00:27:5c:d8:97
[   10.874782] e1000 0000:00:08.0 eth1: Intel(R) PRO/1000 Network Connection
[   10.883568] e1000 0000:00:08.0 enp0s8: renamed from eth1
[   10.888964] mptbase: ioc0: Initiating bringup
[   10.907025] e1000 0000:00:03.0 enp0s3: renamed from eth0
[   10.959852] ioc0: LSI53C1030 A0: Capabilities={Initiator}
[   12.632424] scsi host2: ioc0: LSI53C1030 A0, FwRev=00000000h, Ports=1, MaxQ=256, IRQ=20
[   13.737134] scsi 2:0:0:0: Direct-Access     VBOX     HARDDISK         1.0  PQ: 0 ANSI: 5
[   13.753784] scsi target2:0:0: Beginning Domain Validation
[   13.780433] scsi target2:0:0: Domain Validation skipping write tests
[   13.782883] scsi target2:0:0: Ending Domain Validation
[   13.991500] scsi target2:0:0: asynchronous
[   13.993684] scsi 2:0:1:0: Direct-Access     VBOX     HARDDISK         1.0  PQ: 0 ANSI: 5
[   14.770265] scsi target2:0:1: Beginning Domain Validation
[   15.581913] scsi target2:0:1: Domain Validation skipping write tests
[   15.649636] scsi target2:0:1: Ending Domain Validation
[   15.651777] scsi target2:0:1: asynchronous
[   15.697815] sd 2:0:0:0: Attached scsi generic sg0 type 0
[   15.700411] sd 2:0:0:0: [sda] 20971520 512-byte logical blocks: (10.7 GB/10.0 GiB)
[   15.700633] sd 2:0:1:0: Attached scsi generic sg1 type 0
[   15.700841] sd 2:0:1:0: [sdb] 20480 512-byte logical blocks: (10.5 MB/10.0 MiB)
[   15.701046] sd 2:0:1:0: [sdb] Write Protect is off
[   15.701227] sd 2:0:1:0: [sdb] Incomplete mode parameter data
[   15.701229] sd 2:0:1:0: [sdb] Assuming drive cache: write through
[   15.874097] sd 2:0:0:0: [sda] Write Protect is off
[   15.884438] sd 2:0:0:0: [sda] Incomplete mode parameter data
[   15.895323] sd 2:0:0:0: [sda] Assuming drive cache: write through
[   16.115122]  sda: sda1
[   16.615850] sd 2:0:0:0: [sda] Attached SCSI disk
[   16.636829] sd 2:0:1:0: [sdb] Attached SCSI disk
Begin: Loading essential drivers ... [   19.150540] md: linear personality registered for level -1
[   19.194188] md: multipath personality registered for level -4
[   19.201802] md: raid0 personality registered for level 0
[   19.227604] md: raid1 personality registered for level 1
[   19.320827] raid6: sse2x1   gen()  4527 MB/s
[   19.389195] raid6: sse2x1   xor()  4213 MB/s
[   19.496117] raid6: sse2x2   gen()  6864 MB/s
[   19.576068] raid6: sse2x2   xor()  5437 MB/s
[   19.644071] raid6: sse2x4   gen()  7575 MB/s
[   19.728330] raid6: sse2x4   xor()  5207 MB/s
[   19.796170] raid6: avx2x1   gen() 12101 MB/s
[   19.908363] raid6: avx2x2   gen() 13708 MB/s
[   19.988422] raid6: avx2x4   gen() 16648 MB/s
[   19.998438] raid6: using algorithm avx2x4 gen() 16648 MB/s
[   20.021145] raid6: using avx2x2 recovery algorithm
[   20.037784] xor: automatically using best checksumming function:
[   20.100200]    avx       : 20677.000 MB/sec
[   20.141476] async_tx: api initialized (async)
[   20.158338] md: raid6 personality registered for level 6
[   20.179876] md: raid5 personality registered for level 5
[   20.185616] md: raid4 personality registered for level 4
[   20.236357] md: raid10 personality registered for level 10
done.
Begin: Running /scripts/init-premount ... done.
Begin: Mounting root file system ... Begin: Running /scripts/local-top ... done.
Begin: Running /scripts/local-premount ... [   20.317939] Btrfs loaded
Scanning for Btrfs filesystems
done.
Warning: fsck not present, so skipping root file system
[   20.593324] EXT4-fs (sda1): mounted filesystem with ordered data mode. Opts: (null)
done.
Begin: Running /scripts/local-bottom ... done.
Begin: Running /scripts/init-bottom ... done.
[   21.081353] random: nonblocking pool is initialized
[   21.427200] systemd[1]: systemd 229 running in system mode. (+PAM +AUDIT +SELINUX +IMA +APPARMOR +SMACK +SYSVINIT +UTMP +LIBCRYPTSETUP +GCRYPT +GNUTLS +ACL +XZ -LZ4 +SECCOMP +BLKID +ELFUTILS +KMOD -IDN)
[   21.477815] systemd[1]: Detected virtualization oracle.
[   21.482798] systemd[1]: Detected architecture x86-64.

Welcome to [1mUbuntu 16.04.5 LTS[0m!

[   21.567078] systemd[1]: Set hostname to <ubuntu>.
[   21.624788] systemd[1]: Initializing machine ID from random generator.
[   21.653069] systemd[1]: Installed transient /etc/machine-id file.
[   22.779622] systemd[1]: Listening on udev Control Socket.
[[0;32m  OK  [0m] Listening on udev Control Socket.
[   22.808960] systemd[1]: Listening on /dev/initctl Compatibility Named Pipe.
[[0;32m  OK  [0m] Listening on /dev/initctl Compatibility Named Pipe.
[   22.820418] systemd[1]: Reached target User and Group Name Lookups.
[[0;32m  OK  [0m] Reached target User and Group Name Lookups.
[   22.927964] systemd[1]: Reached target System Time Synchronized.
[[0;32m  OK  [0m] Reached target System Time Synchronized.
[   22.993861] systemd[1]: Created slice System Slice.
[[0;32m  OK  [0m] Created slice System Slice.
[   23.073776] systemd[1]: Created slice system-serial\x2dgetty.slice.
[[0;32m  OK  [0m] Created slice system-serial\x2dgetty.slice.
[   23.087061] systemd[1]: Listening on udev Kernel Socket.
[[0;32m  OK  [0m] Listening on udev Kernel Socket.
[   23.091330] systemd[1]: Listening on Journal Socket (/dev/log).
[[0;32m  OK  [0m] Listening on Journal Socket (/dev/log).
[   23.127422] systemd[1]: Created slice User and Session Slice.
[[0;32m  OK  [0m] Created slice User and Session Slice.
[   23.154725] systemd[1]: Started Trigger resolvconf update for networkd DNS.
[[0;32m  OK  [0m] Started Trigger resolvconf update for networkd DNS.
[   23.208521] systemd[1]: Listening on LVM2 metadata daemon socket.
[[0;32m  OK  [0m] Listening on LVM2 metadata daemon socket.
[   23.212013] systemd[1]: Set up automount Arbitrary Executable File Formats File System Automount Point.
[[0;32m  OK  [0m] Set up automount Arbitrary Executab...ats File System Automount Point.
[   23.236537] systemd[1]: Reached target Swap.
[[0;32m  OK  [0m] Reached target Swap.
[   23.316770] systemd[1]: Listening on Device-mapper event daemon FIFOs.
[[0;32m  OK  [0m] Listening on Device-mapper event daemon FIFOs.
[   23.477807] systemd[1]: Started Forward Password Requests to Wall Directory Watch.
[[0;32m  OK  [0m] Started Forward Password Requests to Wall Directory Watch.
[   23.505528] systemd[1]: Listening on Journal Socket.
[[0;32m  OK  [0m] Listening on Journal Socket.
[   23.537110] systemd[1]: Starting Nameserver information manager...
         Starting Nameserver information manager...
[   23.601010] systemd[1]: Starting Remount Root and Kernel File Systems...
         Starting Remount Root and Kernel File Systems...
[   23.689173] systemd[1]: Starting Uncomplicated firewall...
         Starting Uncomplicated firewall...
[   23.720637] systemd[1]: Mounting Huge Pages File System...
         Mounting Huge Pages File System...
[   23.784657] systemd[1]: Mounting Debug File System...
         Mounting Debug File System...
[   24.076025] EXT4-fs (sda1): re-mounted. Opts: (null)
[   24.093446] systemd[1]: Starting Load Kernel Modules...
         Starting Load Kernel Modules...
[   24.156826] systemd[1]: Starting Monitoring of LVM2 mirrors, snapshots etc. using dmeventd or progress polling...
         Starting Monitoring of LVM2 mirrors... dmeventd or progress polling...
[   24.193404] systemd[1]: Reached target Encrypted Volumes.
[[0;32m  OK  [0m] Reached target Encrypted Volumes.
[   24.200686] systemd[1]: Listening on LVM2 poll daemon socket.
[[0;32m  OK  [0m] Listening on LVM2 poll daemon socket.
[   24.256766] systemd[1]: Starting Set console keymap...
         Starting Set console keymap...
[   24.260845] systemd[1]: Listening on Journal Audit Socket.
[[0;32m  OK  [0m] Listening on Journal Audit Socket.
[   24.271464] systemd[1]: Reached target Slices.
[[0;32m  OK  [0m] Reached target S[   24.328941] Loading iSCSI transport class v2.0-870.
lices.
[   24.341347] systemd[1]: Listening on Syslog Socket.
[[0;32m  OK  [0m] Listening on Syslog Socket.
[   24.373455] systemd[1]: Starting Journal Service...
         Starting Journal Service...
[   24.385510] systemd[1]: Mounting POSIX Message Queue File System...
         Mounting POSIX Message Queue File System...
[   24.397462] systemd[1]: Starting Create list of required static device nodes for the current kernel...
         Starting Create list of required st... nodes for the current kernel...
[   24.425950] iscsi: registered transport (tcp)
[   24.462826] systemd[1]: Mounted Debug File System.
[[0;32m  OK  [0m] Mounted Debug File System.
[   24.526766] systemd[1]: Mounted Huge Pages File System.
[[0;32m  OK  [0m] Mounted Huge Pages File System.
[   24.617616] systemd[1]: Mounted POSIX Message Queue File System.
[[0;32m  OK  [0m] Mounted POSIX Message Queue File System.
[   24.657796] iscsi: registered transport (iser)
[   24.708623] systemd[1]: Started Journal Service.
[[0;32m  OK  [0m] Started Journal Service.
[[0;32m  OK  [0m] Started Remount Root and Kernel File Systems.
[[0;32m  OK  [0m] Started Uncomplicated firewall.
[[0;32m  OK  [0m] Started Load Kernel Modules.
[[0;32m  OK  [0m] Started Set console keymap.
[[0;32m  OK  [0m] Started Create list of required sta...ce nodes for the current kernel.
[[0;32m  OK  [0m] Started Nameserver information manager.
[[0;32m  OK  [0m] Started LVM2 metadata daemon.
         Starting Create Static Device Nodes in /dev...
         Starting Apply Kernel Variables...
         Mounting FUSE Control File System...
         Starting udev Coldplug all Devices...
         Starting Load/Save Random Seed...
         Starting Flush Journal to Persistent Storage...
[[0;32m  OK  [0m] Mounted FUSE Control File System.
[[0;32m  OK  [0m] Started Create Static Device Nodes in /dev.
[[0;32m  OK  [0m] Started Apply Kernel Variables.
[[0;32m  OK  [0m] Started Load/Save Random Seed.
[[0;32m  OK  [0m] Started udev Coldplug all Devices.
         Starting udev Kernel Device Manager...
[[0;32m  OK  [0m] Started Flush Journal to Persistent Storage.
[[0;32m  OK  [0m] Started Monitoring of LVM2 mirrors,...ng dmeventd or progress polling.
[[0;32m  OK  [0m] Reached target Local File Systems (Pre).
[[0;32m  OK  [0m] Reached target Local File Systems.
         Starting LSB: AppArmor initialization...
         Starting Initial cloud-init job (pre-networking)...
         Starting Commit a transient machine-id on disk...
         Starting Tell Plymouth To Write Out Runtime Data...
         Starting Set console font and keymap...
         Starting Create Volatile Files and Directories...
[[0;32m  OK  [0m] Started Commit a transient machine-id on disk.
[[0;32m  OK  [0m] Started Tell Plymouth To Write Out Runtime Data.
[[0;32m  OK  [0m] Started Create Volatile Files and Directories.
[[0;32m  OK  [0m] Started udev Kernel Device Manager.
[[0;32m  OK  [0m] Started Dispatch Password Requests to Console Directory Watch.
         Starting Update UTMP about System Boot/Shutdown...
[[0;32m  OK  [0m] Started Update UTMP about System Boot/Shutdown.
[[0;32m  OK  [0m] Found device /dev/ttyS0.
[[0;32m  OK  [0m] Listening on Load/Save RF Kill Switch Status /dev/rfkill Watch.
[[0;32m  OK  [0m] Started LSB: AppArmor initialization.
[[0;32m  OK  [0m] Started Set console font and keymap.
[[0;32m  OK  [0m] Created slice system-getty.slice.
[   26.265801] cloud-init[466]: Cloud-init v. 18.4-0ubuntu1~16.04.2 running 'init-local' at Fri, 01 Mar 2019 17:25:40 +0000. Up 25.58 seconds.
[[0;32m  OK  [0m] Started Initial cloud-init job (pre-networking).
[[0;32m  OK  [0m] Reached target Network (Pre).
         Starting Raise network interfaces...
[[0;32m  OK  [0m] Started Raise network interfaces.
[[0;32m  OK  [0m] Reached target Network.
         Starting Initial cloud-init job (metadata service crawler)...
[   31.337354] cloud-init[949]: Cloud-init v. 18.4-0ubuntu1~16.04.2 running 'init' at Fri, 01 Mar 2019 17:25:42 +0000. Up 27.65 seconds.
[   31.352887] cloud-init[949]: ci-info: ++++++++++++++++++++++++++++++++++++++Net device info+++++++++++++++++++++++++++++++++++++++
[   31.379123] cloud-init[949]: ci-info: +--------+-------+----------------------------+---------------+--------+-------------------+
[   31.496874] cloud-init[949]: ci-info: | Device |   Up  |          Address           |      Mask     | Scope  |     Hw-Address    |
[   31.497418] cloud-init[949]: ci-info: +--------+-------+----------------------------+---------------+--------+-------------------+
[   31.499424] cloud-init[949]: ci-info: | enp0s3 |  True |         10.0.2.15          | 255.255.255.0 | global | 02:3e:59:1c:26:9a |
[[0;32m  OK  [0m] Started Initial cloud-init job (metadata service crawler).
[   31.628799] cloud-init[949]: ci-info: | enp0s3 |  True | fe80::3e:59ff:fe1c:269a/64 |       .       |  link  | 02:3e:59:1c:26:9a |
[[0;32m  OK  [0m] Reached target Network is Online.
[   31.666644] cloud-init[949]: ci-info: | enp0s8 | False |             .              |       .       |   .    | 08:00:27:5c:d8:97 |
[   31.712492]          cloud-initStarting iSCSI initiator daemon (iscsid)...[949]: 
ci-info: |   lo   |  True |         127.0.0.1          |   255.0.0.0   |  host  |         .         |
[   31.714449] [[0;32m  OK  [0m] Reached target System Initialization.
cloud-init[949]: ci-info: |   lo   |  True |          ::1/128           |       .       |  host  |         .         |
[   31.785448] [[0;32m  OK  [0m] Started Daily Cleanup of Temporary Directories.
cloud-init         Starting Socket activation for snappy daemon.
[949]: ci-info: +--------+-------+----------------------------+---------------+--------+-------------------+
[[   31.868838] [0;32m  OK  [0m] Listening on UUID daemon activation socket.
cloud-init[[0;32m  OK  [0m] Started Daily apt download activities.
[949]: ci-info: +++++++++++++++++++++++++++Route IPv4 info++++++++++++++++++++++++++++
[   31.953021] cloud-init[949]: ci-info: +-------+-------------+----------+---------------+-----------+-------+
[[0;32m  OK  [0m] Started Daily apt upgrade and clean activities.
[   31.958498] [[0;32m  OK  [0m] Reached target Timers.
cloud-init[949]: ci-info: | Route | Destination | Gateway  |    Genmask    | Interface | Flags |
[   32.037401] cloud-init[949]: ci-info: +-------+-------------+----------+---------------+-----------+-------+
[   32.052364] cloud-init[949]: ci-info: |   0   |   0.0.0.0   | 10.0.2.2 |    0.0.0.0    |   enp0s3  |   UG  |
[   32.067358] cloud-init[949]: ci-info: |   1   |   10.0.2.0  | 0.0.0.0  | 255.255.255.0 |   enp0s3  |   U   |
[   32.085026] cloud-init[949]: ci-info: +-------+-------------+----------+---------------+-----------+-------+
[   32.099500] [cloud-init[0;32m  OK  [0m[949]: ] ci-info: +++++++++++++++++++Route IPv6 info+++++++++++++++++++Started ACPI Events Check.

[   32.140400] [[0;32m  OK  [0m] Reached target Paths.
cloud-init[[0;32m  OK  [0m] Listening on D-Bus System Message Bus Socket.
[949]: [[0;32m  OK  [0m] Listening on ACPID Listen Socket.
ci-info: +-------+-------------+---------+-----------+-------+
[   32.176237]          Starting LXD - unix socket.
cloud-init[[0;32m  OK  [0m] Reached target Cloud-config availability.
[949]: ci-info: | Route | Destination | Gateway | Interface | Flags |
[   32.217233] [cloud-init[0;32m  OK  [0m[949]: ] ci-info: +-------+-------------+---------+-----------+-------+Listening on Socket activation for snappy daemon.

[   32.217918] cloud-init[[0;32m  OK  [0m] Listening on LXD - unix socket.
[949]: ci-info: |   0   |  fe80::/64  |    ::   |   enp0s3  |   U   |
[[0;32m  OK  [0m] Started iSCSI initiator daemon (iscsid).
[   32.327800] cloud-init[949]: ci-info: |   3   |   ff00::/8  |    ::   |   enp0s3  |   U   |
[   32.436753] cloud-init[949]: ci-info: +-------+-------------+---------+-----------+-------+
         Starting Login to default iSCSI targets...
[[0;32m  OK  [0m] Reached target Sockets.
[[0;32m  OK  [0m] Reached target Basic System.
[   32.471454] cloud-init[949]: Generating public/private rsa key pair.
[   32.519795] cloud-init[949]: Your identification has been saved in /etc/ssh/ssh_host_rsa_key.
[   32.529738]          Starting System Logging Service...
cloud-init[949]: Your public key has been saved in /etc/ssh/ssh_host_rsa_key.pub.
[   32.558072] cloud-init[949]: The key fingerprint is:
[[0;32m  OK  [0m] Started Deferred execution scheduler.
[   32.567935] cloud-init[949]: SHA256:m4OHwTAp+LnjR/BKzQ8R18JmUTN3meJYMWvTZO8Osm0 root@ubuntu-xenial
[   32.609655] cloud-init[949]: The key's randomart image is:
[   32.632975] cloud-init[949]: +---[RSA 2048]----+
[   32.640901]          cloud-initStarting LSB: MD monitoring daemon...[949]: 
|     ..++ +.+o   |
[   32.676919] cloud-init[949]: | .  ..* .+oBo.   |
         [   32.677978] cloud-init[949]: |. . += . ++.. .  |
Starting Accounts Service...
[   32.679625] cloud-init[949]: | ..o.+  .... .   |
[   32.720899] cloud-init[949]: |  o= .o S . . .  |
[   32.728936]          Starting /etc/rc.local Compatibility...
cloud-init[[0;32m  OK  [0m] Started D-Bus System Message Bus.
[949]: |  ..*  + o + o   |
[   32.773966] cloud-init[949]: | .oo oo = . E .  |
[   32.782656] cloud-init[949]: | .... .. . .     |
[   32.789640] cloud-init[949]: |  ..             |
[   32.794221] cloud-init[949]: +----[SHA256]-----+
[   32.799054] cloud-init[949]: Generating public/private dsa key pair.
[   32.803514] cloud-init[949]: Your identification has been saved in /etc/ssh/ssh_host_dsa_key.
[   32.808642] cloud-init[949]: Your public key has been saved in /etc/ssh/ssh_host_dsa_key.pub.
[   32.813284] cloud-init[949]: The key fingerprint is:
[   32.836999] cloud-init[949]: SHA256:CiMZxW+8Q92Ytig8zPoF/0lmnIhl5PluGuNOmLHRJdo root@ubuntu-xenial
[   32.893645] cloud-init[949]: The key's randomart image is:
[   32.929870] cloud-init[949]: +---[DSA 1024]----+
[   32.940627] cloud-init[949]: |   ..            |
[   32.949286] cloud-init[949]: |   ..            |
[   32.966003] cloud-init[949]: |  .  oo..+       |
[   32.994273] cloud-init[949]: |   o *=+= .      |
[   33.017605] cloud-init[949]: |  o+BoE+S.       |
[   33.041511] cloud-init[949]: |   .*#+=..       |
[   33.073445] cloud-init[949]: |   .=oO.B        |
[   33.087327] cloud-init[949]: |  .  + O..       |
[   33.110468] cloud-init[949]: |   ...+o+        |
[   33.125535] cloud-init[949]: +----[SHA256]-----+
[   33.133730] cloud-init[949]: Generating public/private ecdsa key pair.
[   33.185606] cloud-init[949]: Your identification has been saved in /etc/ssh/ssh_host_ecdsa_key.
[   33.209423] cloud-init[949]: Your public key has been saved in /etc/ssh/ssh_host_ecdsa_key.pub.
[   33.249426] cloud-init[949]: The key fingerprint is:
[   33.258384] cloud-init[949]: SHA256:buyjOlWsu3wWrUem+2dOIqCGoz4JirEaT9l9SF04GOQ root@ubuntu-xenial
[   33.276528] cloud-init[949]: The key's randomart image is:
[   33.279499] cloud-init[949]: +---[ECDSA 256]---+
[   33.282301] cloud-init[949]: |     .o          |
[   33.288557] cloud-init[949]: |     . o .       |
[   33.300994] cloud-init[949]: |      E.o .      |
[   33.316666] cloud-init[949]: |       .oo       |
[   33.337591] cloud-init[949]: |      ooS.       |
[   33.342011] cloud-init[949]: |o  + +o=. +      |
[   33.344145] cloud-init[949]: |=o* +.o.**. .    |
[   33.349668] cloud-init[949]: |+B o...+*..oo    |
[   33.360697] cloud-init[949]: |=.o .o+=o=.+.    |
[   33.370012] cloud-init[949]: +----[SHA256]-----+
[   33.417327] cloud-init[949]: Generating public/private ed25519 key pair.
[   33.445539] cloud-init[949]: Your identification has been saved in /etc/ssh/ssh_host_ed25519_key.
[   33.484649] cloud-init[949]: Your public key has been saved in /etc/ssh/ssh_host_ed25519_key.pub.
[   33.501991] cloud-init[949]: The key fingerprint is:
[   33.512527] cloud-init[949]: SHA256:Sl6lM89HG+KDPV08p5NrwBbqgixZbbFmpm+HyveDz+A root@ubuntu-xenial
[   33.534922] cloud-init[949]: The key's randomart image is:
[   33.556066] cloud-init[949]: +--[ED25519 256]--+
[   33.573547] cloud-init[949]: |                 |
[   33.581979] cloud-init[949]: |                 |
[   33.595721] cloud-init[949]: |          .      |
[   33.640912] cloud-init[949]: |        .o  ..   |
[   33.649048] cloud-init[949]: |      ..So.oo.+ .|
[   33.693012] cloud-init[949]: |     o.oBO.+++ = |
[   33.710489] cloud-init[949]: |     +oBo+B.+.+  |
[   33.719926] cloud-init[949]: |    o.+.*o++  .o |
[   33.765649] cloud-init[949]: |     .o=E=+. ..  |
[   33.776397] cloud-init[949]: +----[SHA256]-----+
[[0;32m  OK  [0m] Started FUSE filesystem for LXC.
[[0;32m  OK  [0m] Started Regular background program processing daemon.
         Starting Login Service...
         Starting Virtualbox guest utils...
         Starting LSB: Record successful boot for GRUB...
         Starting LXD - container startup/shutdown...
[[0;32m  OK  [0m] Started Unattended Upgrades Shutdown.
         Starting Snappy daemon...
[[0;32m  OK  [0m] Started ACPI event daemon.
         Starting Pollinate to seed the pseudo random number generator...
[[0;32m  OK  [0m] Started System Logging Service.
[[0;32m  OK  [0m] Started /etc/rc.local Compatibility.
         Starting Authenticate and Authorize Users to Run Privileged Tasks...
[[0;32m  OK  [0m] Started Login Service.
[[0;32m  OK  [0m] Started Login to default iSCSI targets.
[[0;32m  OK  [0m] Reached target Remote File Systems (Pre).
[[0;32m  OK  [0m] Reached target Remote File Systems.
         Starting Permit User Sessions...
         Starting LSB: daemon to balance interrupts for SMP systems...
         Starting LSB: automatic crash report generation...
         Starting LSB: Set the CPU Frequency Scaling governor to "ondemand"...
[[0;32m  OK  [0m] Started Permit User Sessions.
         Starting Hold until boot process finishes up...
         Starting Terminate Plymouth Boot Screen...
[[0;32m  OK  [0m] Started LSB: Set the CPU Frequency Scaling governor to "ondemand".
[[0;32m  OK  [0m] Started Hold until boot process finishes up.
[[0;32m  OK  [0m] Started Terminate Plymouth Boot Screen.
[[0;32m  OK  [0m] Started LSB: Record successful boot for GRUB.
         Starting Set console scheme...
[[0;32m  OK  [0m] Started Serial Getty on ttyS0.
[[0;32m  OK  [0m] Started Getty on tty1.
[[0;32m  OK  [0m] Reached target Login Prompts.
[[0;32m  OK  [0m] Started LSB: daemon to balance interrupts for SMP systems.
[[0;32m  OK  [0m] Started Set console scheme.
[[0;32m  OK  [0m] Started LSB: MD monitoring daemon.
[[0;32m  OK  [0m] Started LSB: automatic crash report generation.
[[0;32m  OK  [0m] Started Authenticate and Authorize Users to Run Privileged Tasks.
[[0;32m  OK  [0m] Started Accounts Service.
[[0;32m  OK  [0m] Started Virtualbox guest utils.
[[0;32m  OK  [0m] Started LXD - container startup/shutdown.
[[0;32m  OK  [0m] Started Snappy daemon.
         Starting Wait until snapd is fully seeded...
[[0;32m  OK  [0m] Started Pollinate to seed the pseudo random number generator.
         Starting OpenBSD Secure Shell server...
[[0;32m  OK  [0m] Started OpenBSD Secure Shell server.
[[0;32m  OK  [0m] Created slice User Slice of vagrant.
         Starting User Manager for UID 1000...
[[0;32m  OK  [0m] Started Session 1 of user vagrant.
[[0;32m  OK  [0m] Started User Manager for UID 1000.

Ubuntu 16.04.5 LTS ubuntu-xenial ttyS0

ubuntu-xenial login: [   41.508584] cloud-init[1304]: Generating locales (this might take a while)...
[   43.790330] cloud-init[1304]:   en_US.UTF-8... done
[   43.797945] cloud-init[1304]: Generation complete.
[   45.587974] cloud-init[1304]: Cloud-init v. 18.4-0ubuntu1~16.04.2 running 'modules:config' at Fri, 01 Mar 2019 17:25:55 +0000. Up 40.95 seconds.
ci-info: no authorized ssh keys fingerprints found for user ubuntu.
<14>Mar  1 17:26:04 ec2: 
<14>Mar  1 17:26:04 ec2: #############################################################
<14>Mar  1 17:26:04 ec2: -----BEGIN SSH HOST KEY FINGERPRINTS-----
<14>Mar  1 17:26:04 ec2: 1024 SHA256:CiMZxW+8Q92Ytig8zPoF/0lmnIhl5PluGuNOmLHRJdo root@ubuntu-xenial (DSA)
<14>Mar  1 17:26:04 ec2: 256 SHA256:buyjOlWsu3wWrUem+2dOIqCGoz4JirEaT9l9SF04GOQ root@ubuntu-xenial (ECDSA)
<14>Mar  1 17:26:04 ec2: 256 SHA256:Sl6lM89HG+KDPV08p5NrwBbqgixZbbFmpm+HyveDz+A root@ubuntu-xenial (ED25519)
<14>Mar  1 17:26:04 ec2: 2048 SHA256:m4OHwTAp+LnjR/BKzQ8R18JmUTN3meJYMWvTZO8Osm0 root@ubuntu-xenial (RSA)
<14>Mar  1 17:26:04 ec2: -----END SSH HOST KEY FINGERPRINTS-----
<14>Mar  1 17:26:04 ec2: #############################################################
-----BEGIN SSH HOST KEY KEYS-----
ecdsa-sha2-nistp256 AAAAE2VjZHNhLXNoYTItbmlzdHAyNTYAAAAIbmlzdHAyNTYAAABBBAGor3J9x7P6WFeDmmbmxYUOkX79JvXcZQVJo9LfaWK6Rse9emEsAJoEXVMkB98fEaScz2WHHfoKsB4+vvwKFlY= root@ubuntu-xenial
ssh-ed25519 AAAAC3NzaC1lZDI1NTE5AAAAIPtnShEmPix78D3Or8q2seTTC8uQWh3sjbXYnpNQLQke root@ubuntu-xenial
ssh-rsa AAAAB3NzaC1yc2EAAAADAQABAAABAQDV1Pn8GNJ25ZoQ01t+LPFBMocE6dF8IO5QGba65NHWqNULTPcwPedQMn6IDmdfVg+pQXWm0Nd3L+kGX+Z7/OWeU8UVkUYsuM4nh4SoH0Qoh4Z5VRIbG14t306w9DodY93qWhMGI7M4NeuiYevTfepv4fdlZwYaMKsR1WD42NTPMQorB2+LjJKee8B8g5GrlrUM6Us4wfQQ0Ka1Dni9Jscmi8qPWYpOVKFskxh3UySeec8lutpOcE55hWoRqOvyngW1fhEnKekv4/i5KLK+zDSX2H8rKLLHqzda/6CD+ia4MrHGvx2Hi3+Z9gUXgYPhdo3c61P5kWxLklDBuGQkk7mt root@ubuntu-xenial
-----END SSH HOST KEY KEYS-----
[   49.789147] cloud-init[1527]: Cloud-init v. 18.4-0ubuntu1~16.04.2 running 'modules:final' at Fri, 01 Mar 2019 17:26:00 +0000. Up 46.30 seconds.
[   49.789668] cloud-init[1527]: ci-info: no authorized ssh keys fingerprints found for user ubuntu.
[   49.789999] cloud-init[1527]: Cloud-init v. 18.4-0ubuntu1~16.04.2 finished at Fri, 01 Mar 2019 17:26:04 +0000. Datasource DataSourceNoCloud [seed=/dev/sdb][dsmode=net].  Up 49.77 seconds
